<?xml version="1.0" encoding="UTF-8"?>
<robot generator="Robot 5.0.1 (Python 3.10.7 on win32)" generated="20221112 14:20:56.743" rpa="false" schemaversion="3">
<suite id="s1" name="Login" source="C:\Users\Elias\Documents\BootCamp-Instituto Atlantico\Desafio_Modulo_Intermediario\suites\login.robot">
<test id="s1-t1" name="TC01: Logar com Usuário Valido Padrão" line="8">
<kw name="Dado que eu esteja na pagina Inicial" library="global" type="SETUP">
<kw name="Open Browser" library="SeleniumLibrary">
<arg>${GERAL.URL_PRINCIPAL}</arg>
<arg>${GERAL.NAVEGADOR}</arg>
<doc>Opens a new browser instance to the optional ``url``.</doc>
<msg timestamp="20221112 14:20:57.203" level="INFO">Opening browser 'Chrome' to base url 'https://seubarriga.wcaquino.me'.</msg>
<status status="PASS" starttime="20221112 14:20:57.202" endtime="20221112 14:20:59.707"/>
</kw>
<status status="PASS" starttime="20221112 14:20:57.202" endtime="20221112 14:20:59.707"/>
</kw>
<kw name="Dado Que Eu Esteja Na Pagina de Login" library="login_page">
<kw name="Click Element" library="SeleniumLibrary">
<arg>${LOGIN.A_TELA_LOGIN}</arg>
<doc>Click the element identified by ``locator``.</doc>
<msg timestamp="20221112 14:20:59.708" level="INFO">Clicking element '//a[@href="/login"]'.</msg>
<status status="PASS" starttime="20221112 14:20:59.708" endtime="20221112 14:20:59.865"/>
</kw>
<status status="PASS" starttime="20221112 14:20:59.707" endtime="20221112 14:20:59.865"/>
</kw>
<kw name="E Preencho o Email" library="login_page">
<kw name="Input Text" library="SeleniumLibrary">
<arg>${LOGIN.INPUT_EMAIL}</arg>
<arg>${DADOS_USUARIO.EMAIL}</arg>
<doc>Types the given ``text`` into the text field identified by ``locator``.</doc>
<msg timestamp="20221112 14:20:59.867" level="INFO">Typing text 'eli4tos74@teste.com' into text field 'id=email'.</msg>
<status status="PASS" starttime="20221112 14:20:59.866" endtime="20221112 14:20:59.923"/>
</kw>
<status status="PASS" starttime="20221112 14:20:59.866" endtime="20221112 14:20:59.923"/>
</kw>
<kw name="E Preencho a Senha" library="login_page">
<kw name="Input Text" library="SeleniumLibrary">
<arg>${LOGIN.INPUT_SENHA}</arg>
<arg>${DADOS_USUARIO.SENHA}</arg>
<doc>Types the given ``text`` into the text field identified by ``locator``.</doc>
<msg timestamp="20221112 14:20:59.924" level="INFO">Typing text '12345' into text field 'id=senha'.</msg>
<status status="PASS" starttime="20221112 14:20:59.923" endtime="20221112 14:20:59.972"/>
</kw>
<status status="PASS" starttime="20221112 14:20:59.923" endtime="20221112 14:20:59.972"/>
</kw>
<kw name="E Clico Em Entrar" library="login_page">
<kw name="Click Element" library="SeleniumLibrary">
<arg>${LOGIN.BUTTON_ENTRAR}</arg>
<doc>Click the element identified by ``locator``.</doc>
<msg timestamp="20221112 14:20:59.974" level="INFO">Clicking element '//button[@type="submit"]'.</msg>
<status status="PASS" starttime="20221112 14:20:59.973" endtime="20221112 14:21:00.438"/>
</kw>
<status status="PASS" starttime="20221112 14:20:59.973" endtime="20221112 14:21:00.439"/>
</kw>
<kw name="Então Devo Ver a Mensagem Bem vindo, Elias!" library="global" sourcename="Então Devo Ver a Mensagem ${MENSAGEM}">
<kw name="Page Should Contain" library="SeleniumLibrary">
<arg>${MENSAGEM}</arg>
<doc>Verifies that current page contains ``text``.</doc>
<msg timestamp="20221112 14:21:00.449" level="INFO">Current page contains text 'Bem vindo, Elias!'.</msg>
<status status="PASS" starttime="20221112 14:21:00.439" endtime="20221112 14:21:00.449"/>
</kw>
<status status="PASS" starttime="20221112 14:21:00.439" endtime="20221112 14:21:00.450"/>
</kw>
<status status="PASS" starttime="20221112 14:20:57.201" endtime="20221112 14:21:00.450"/>
</test>
<test id="s1-t2" name="TC02: Logar Sem o Campo Email" line="15">
<kw name="Dado que eu esteja na pagina Inicial" library="global" type="SETUP">
<kw name="Open Browser" library="SeleniumLibrary">
<arg>${GERAL.URL_PRINCIPAL}</arg>
<arg>${GERAL.NAVEGADOR}</arg>
<doc>Opens a new browser instance to the optional ``url``.</doc>
<msg timestamp="20221112 14:21:00.452" level="INFO">Opening browser 'Chrome' to base url 'https://seubarriga.wcaquino.me'.</msg>
<status status="PASS" starttime="20221112 14:21:00.451" endtime="20221112 14:21:02.568"/>
</kw>
<status status="PASS" starttime="20221112 14:21:00.451" endtime="20221112 14:21:02.568"/>
</kw>
<kw name="Dado Que Eu Esteja Na Pagina de Login" library="login_page">
<kw name="Click Element" library="SeleniumLibrary">
<arg>${LOGIN.A_TELA_LOGIN}</arg>
<doc>Click the element identified by ``locator``.</doc>
<msg timestamp="20221112 14:21:02.570" level="INFO">Clicking element '//a[@href="/login"]'.</msg>
<status status="PASS" starttime="20221112 14:21:02.569" endtime="20221112 14:21:02.730"/>
</kw>
<status status="PASS" starttime="20221112 14:21:02.569" endtime="20221112 14:21:02.730"/>
</kw>
<kw name="E Preencho a Senha" library="login_page">
<kw name="Input Text" library="SeleniumLibrary">
<arg>${LOGIN.INPUT_SENHA}</arg>
<arg>${DADOS_USUARIO.SENHA}</arg>
<doc>Types the given ``text`` into the text field identified by ``locator``.</doc>
<msg timestamp="20221112 14:21:02.732" level="INFO">Typing text '12345' into text field 'id=senha'.</msg>
<status status="PASS" starttime="20221112 14:21:02.731" endtime="20221112 14:21:02.784"/>
</kw>
<status status="PASS" starttime="20221112 14:21:02.730" endtime="20221112 14:21:02.784"/>
</kw>
<kw name="E Clico Em Entrar" library="login_page">
<kw name="Click Element" library="SeleniumLibrary">
<arg>${LOGIN.BUTTON_ENTRAR}</arg>
<doc>Click the element identified by ``locator``.</doc>
<msg timestamp="20221112 14:21:02.786" level="INFO">Clicking element '//button[@type="submit"]'.</msg>
<status status="PASS" starttime="20221112 14:21:02.785" endtime="20221112 14:21:02.942"/>
</kw>
<status status="PASS" starttime="20221112 14:21:02.785" endtime="20221112 14:21:02.943"/>
</kw>
<kw name="Então Devo Ver a Mensagem Email é um campo obrigatório" library="global" sourcename="Então Devo Ver a Mensagem ${MENSAGEM}">
<kw name="Page Should Contain" library="SeleniumLibrary">
<arg>${MENSAGEM}</arg>
<doc>Verifies that current page contains ``text``.</doc>
<msg timestamp="20221112 14:21:02.952" level="INFO">Current page contains text 'Email é um campo obrigatório'.</msg>
<status status="PASS" starttime="20221112 14:21:02.943" endtime="20221112 14:21:02.952"/>
</kw>
<status status="PASS" starttime="20221112 14:21:02.943" endtime="20221112 14:21:02.953"/>
</kw>
<status status="PASS" starttime="20221112 14:21:00.451" endtime="20221112 14:21:02.953"/>
</test>
<test id="s1-t3" name="TC03: Logar Sem o Campo Senha" line="21">
<kw name="Dado que eu esteja na pagina Inicial" library="global" type="SETUP">
<kw name="Open Browser" library="SeleniumLibrary">
<arg>${GERAL.URL_PRINCIPAL}</arg>
<arg>${GERAL.NAVEGADOR}</arg>
<doc>Opens a new browser instance to the optional ``url``.</doc>
<msg timestamp="20221112 14:21:02.955" level="INFO">Opening browser 'Chrome' to base url 'https://seubarriga.wcaquino.me'.</msg>
<status status="PASS" starttime="20221112 14:21:02.955" endtime="20221112 14:21:04.731"/>
</kw>
<status status="PASS" starttime="20221112 14:21:02.954" endtime="20221112 14:21:04.732"/>
</kw>
<kw name="Dado Que Eu Esteja Na Pagina de Login" library="login_page">
<kw name="Click Element" library="SeleniumLibrary">
<arg>${LOGIN.A_TELA_LOGIN}</arg>
<doc>Click the element identified by ``locator``.</doc>
<msg timestamp="20221112 14:21:04.733" level="INFO">Clicking element '//a[@href="/login"]'.</msg>
<status status="PASS" starttime="20221112 14:21:04.732" endtime="20221112 14:21:04.896"/>
</kw>
<status status="PASS" starttime="20221112 14:21:04.732" endtime="20221112 14:21:04.897"/>
</kw>
<kw name="E Preencho o Email" library="login_page">
<kw name="Input Text" library="SeleniumLibrary">
<arg>${LOGIN.INPUT_EMAIL}</arg>
<arg>${DADOS_USUARIO.EMAIL}</arg>
<doc>Types the given ``text`` into the text field identified by ``locator``.</doc>
<msg timestamp="20221112 14:21:04.898" level="INFO">Typing text 'eli4tos74@teste.com' into text field 'id=email'.</msg>
<status status="PASS" starttime="20221112 14:21:04.897" endtime="20221112 14:21:04.954"/>
</kw>
<status status="PASS" starttime="20221112 14:21:04.897" endtime="20221112 14:21:04.954"/>
</kw>
<kw name="E Clico Em Entrar" library="login_page">
<kw name="Click Element" library="SeleniumLibrary">
<arg>${LOGIN.BUTTON_ENTRAR}</arg>
<doc>Click the element identified by ``locator``.</doc>
<msg timestamp="20221112 14:21:04.956" level="INFO">Clicking element '//button[@type="submit"]'.</msg>
<status status="PASS" starttime="20221112 14:21:04.955" endtime="20221112 14:21:05.097"/>
</kw>
<status status="PASS" starttime="20221112 14:21:04.954" endtime="20221112 14:21:05.097"/>
</kw>
<kw name="Então Devo Ver a Mensagem Senha é um campo obrigatório" library="global" sourcename="Então Devo Ver a Mensagem ${MENSAGEM}">
<kw name="Page Should Contain" library="SeleniumLibrary">
<arg>${MENSAGEM}</arg>
<doc>Verifies that current page contains ``text``.</doc>
<msg timestamp="20221112 14:21:05.108" level="INFO">Current page contains text 'Senha é um campo obrigatório'.</msg>
<status status="PASS" starttime="20221112 14:21:05.098" endtime="20221112 14:21:05.108"/>
</kw>
<status status="PASS" starttime="20221112 14:21:05.097" endtime="20221112 14:21:05.108"/>
</kw>
<status status="PASS" starttime="20221112 14:21:02.954" endtime="20221112 14:21:05.109"/>
</test>
<test id="s1-t4" name="TC03: Logar Sem o Campo Email e Senha" line="27">
<kw name="Dado que eu esteja na pagina Inicial" library="global" type="SETUP">
<kw name="Open Browser" library="SeleniumLibrary">
<arg>${GERAL.URL_PRINCIPAL}</arg>
<arg>${GERAL.NAVEGADOR}</arg>
<doc>Opens a new browser instance to the optional ``url``.</doc>
<msg timestamp="20221112 14:21:05.112" level="INFO">Opening browser 'Chrome' to base url 'https://seubarriga.wcaquino.me'.</msg>
<status status="PASS" starttime="20221112 14:21:05.111" endtime="20221112 14:21:08.412"/>
</kw>
<status status="PASS" starttime="20221112 14:21:05.110" endtime="20221112 14:21:08.412"/>
</kw>
<kw name="Dado Que Eu Esteja Na Pagina de Login" library="login_page">
<kw name="Click Element" library="SeleniumLibrary">
<arg>${LOGIN.A_TELA_LOGIN}</arg>
<doc>Click the element identified by ``locator``.</doc>
<msg timestamp="20221112 14:21:08.413" level="INFO">Clicking element '//a[@href="/login"]'.</msg>
<status status="PASS" starttime="20221112 14:21:08.412" endtime="20221112 14:21:08.582"/>
</kw>
<status status="PASS" starttime="20221112 14:21:08.412" endtime="20221112 14:21:08.582"/>
</kw>
<kw name="E Clico Em Entrar" library="login_page">
<kw name="Click Element" library="SeleniumLibrary">
<arg>${LOGIN.BUTTON_ENTRAR}</arg>
<doc>Click the element identified by ``locator``.</doc>
<msg timestamp="20221112 14:21:08.583" level="INFO">Clicking element '//button[@type="submit"]'.</msg>
<status status="PASS" starttime="20221112 14:21:08.583" endtime="20221112 14:21:08.732"/>
</kw>
<status status="PASS" starttime="20221112 14:21:08.582" endtime="20221112 14:21:08.732"/>
</kw>
<kw name="Então Devo Ver Duas Mensagem Email é um campo obrigatório e Senha é um campo obrigatório" library="login_page" sourcename="Então Devo Ver Duas Mensagem ${MENSAGEM_01} e ${MENSAGEM_02}">
<kw name="Page Should Contain" library="SeleniumLibrary">
<arg>${MENSAGEM_01}</arg>
<doc>Verifies that current page contains ``text``.</doc>
<msg timestamp="20221112 14:21:08.742" level="INFO">Current page contains text 'Email é um campo obrigatório'.</msg>
<status status="PASS" starttime="20221112 14:21:08.733" endtime="20221112 14:21:08.742"/>
</kw>
<kw name="Page Should Contain" library="SeleniumLibrary">
<arg>${MENSAGEM_02}</arg>
<doc>Verifies that current page contains ``text``.</doc>
<msg timestamp="20221112 14:21:08.750" level="INFO">Current page contains text 'Senha é um campo obrigatório'.</msg>
<status status="PASS" starttime="20221112 14:21:08.742" endtime="20221112 14:21:08.750"/>
</kw>
<status status="PASS" starttime="20221112 14:21:08.733" endtime="20221112 14:21:08.750"/>
</kw>
<status status="PASS" starttime="20221112 14:21:05.110" endtime="20221112 14:21:08.750"/>
</test>
<status status="PASS" starttime="20221112 14:20:56.744" endtime="20221112 14:21:08.751"/>
</suite>
<statistics>
<total>
<stat pass="4" fail="0" skip="0">All Tests</stat>
</total>
<tag>
</tag>
<suite>
<stat pass="4" fail="0" skip="0" id="s1" name="Login">Login</stat>
</suite>
</statistics>
<errors>
</errors>
</robot>
